<?xml version="1.0" encoding="UTF-8"?>
<testng-results ignored="3" total="5" passed="2" failed="0" skipped="0">
  <reporter-output>
  </reporter-output>
  <suite started-at="2022-11-21T10:49:42 IST" name="Suite" finished-at="2022-11-21T10:49:42 IST" duration-ms="56">
    <groups>
      <group name="smoke">
        <method signature="TestClass.Test02()[pri:0, instance:com.qa.groups.TestClass@53aad5d5]" name="Test02" class="com.qa.groups.TestClass"/>
        <method signature="TestClass.Test04()[pri:0, instance:com.qa.groups.TestClass@53aad5d5]" name="Test04" class="com.qa.groups.TestClass"/>
      </group> <!-- smoke -->
    </groups>
    <test started-at="2022-11-21T10:49:42 IST" name="Test" finished-at="2022-11-21T10:49:42 IST" duration-ms="56">
      <class name="com.qa.groups.TestClass">
        <test-method signature="Test02()[pri:0, instance:com.qa.groups.TestClass@53aad5d5]" started-at="2022-11-21T10:49:42 IST" name="Test02" finished-at="2022-11-21T10:49:42 IST" duration-ms="8" status="PASS">
          <reporter-output>
          </reporter-output>
        </test-method> <!-- Test02 -->
        <test-method signature="Test04()[pri:0, instance:com.qa.groups.TestClass@53aad5d5]" started-at="2022-11-21T10:49:42 IST" name="Test04" finished-at="2022-11-21T10:49:42 IST" duration-ms="1" status="PASS">
          <reporter-output>
          </reporter-output>
        </test-method> <!-- Test04 -->
      </class> <!-- com.qa.groups.TestClass -->
    </test> <!-- Test -->
  </suite> <!-- Suite -->
</testng-results>
